Build output check failed:
    Regex: 'argument .* is not valid'
    Output line: 'cc1: warning: ‘-Werror=’ argument ‘-Werror=non-virtual-dtor’ is not valid for C'
Compilation failed:
    source file: '/home/gglin-test/wifi_SLAM/src/exlib/opencv-3.4.16/build/CMakeFiles/CMakeTmp/src.c'
    check option: ' -fsigned-char -W -Wall -Werror=return-type  -Werror=non-virtual-dtor'
===== BUILD LOG =====
Change Dir: /home/gglin-test/wifi_SLAM/src/exlib/opencv-3.4.16/build/CMakeFiles/CMakeTmp

Run Build Command:"/usr/bin/make" "cmTC_89066/fast"
/usr/bin/make -f CMakeFiles/cmTC_89066.dir/build.make CMakeFiles/cmTC_89066.dir/build
make[1]: 进入目录“/home/gglin-test/wifi_SLAM/src/exlib/opencv-3.4.16/build/CMakeFiles/CMakeTmp”
Building C object CMakeFiles/cmTC_89066.dir/src.c.o
/usr/bin/cc   -O3 -DNDEBUG -fPIE   -fsigned-char -W -Wall -Werror=return-type -Werror=non-virtual-dtor -o CMakeFiles/cmTC_89066.dir/src.c.o   -c /home/gglin-test/wifi_SLAM/src/exlib/opencv-3.4.16/build/CMakeFiles/CMakeTmp/src.c
cc1: warning: ‘-Werror=’ argument ‘-Werror=non-virtual-dtor’ is not valid for C
/home/gglin-test/wifi_SLAM/src/exlib/opencv-3.4.16/build/CMakeFiles/CMakeTmp/src.c:1:0: warning: ignoring #pragma   [-Wunknown-pragmas]
 #pragma
 
Linking C executable cmTC_89066
/usr/bin/cmake -E cmake_link_script CMakeFiles/cmTC_89066.dir/link.txt --verbose=1
/usr/bin/cc   -O3 -DNDEBUG    -rdynamic CMakeFiles/cmTC_89066.dir/src.c.o  -o cmTC_89066 
make[1]: 离开目录“/home/gglin-test/wifi_SLAM/src/exlib/opencv-3.4.16/build/CMakeFiles/CMakeTmp”

===== END =====

Build output check failed:
    Regex: 'command[- ]line option .* is valid for .* but not for C\+\+'
    Output line: 'cc1plus: warning: command line option ‘-Wmissing-prototypes’ is valid for C/ObjC but not for C++'
Compilation failed:
    source file: '/home/gglin-test/wifi_SLAM/src/exlib/opencv-3.4.16/build/CMakeFiles/CMakeTmp/src.cxx'
    check option: ' -fsigned-char -W -Wall -Werror=return-type -Werror=non-virtual-dtor -Werror=address -Werror=sequence-point -Wformat -Werror=format-security -Wmissing-declarations  -Wmissing-prototypes'
===== BUILD LOG =====
Change Dir: /home/gglin-test/wifi_SLAM/src/exlib/opencv-3.4.16/build/CMakeFiles/CMakeTmp

Run Build Command:"/usr/bin/make" "cmTC_5469d/fast"
/usr/bin/make -f CMakeFiles/cmTC_5469d.dir/build.make CMakeFiles/cmTC_5469d.dir/build
make[1]: 进入目录“/home/gglin-test/wifi_SLAM/src/exlib/opencv-3.4.16/build/CMakeFiles/CMakeTmp”
Building CXX object CMakeFiles/cmTC_5469d.dir/src.cxx.o
/usr/bin/c++    -O3 -DNDEBUG -fPIE   -fsigned-char -W -Wall -Werror=return-type -Werror=non-virtual-dtor -Werror=address -Werror=sequence-point -Wformat -Werror=format-security -Wmissing-declarations -Wmissing-prototypes -o CMakeFiles/cmTC_5469d.dir/src.cxx.o -c /home/gglin-test/wifi_SLAM/src/exlib/opencv-3.4.16/build/CMakeFiles/CMakeTmp/src.cxx
cc1plus: warning: command line option ‘-Wmissing-prototypes’ is valid for C/ObjC but not for C++
/home/gglin-test/wifi_SLAM/src/exlib/opencv-3.4.16/build/CMakeFiles/CMakeTmp/src.cxx:1:0: warning: ignoring #pragma   [-Wunknown-pragmas]
 #pragma
 
Linking CXX executable cmTC_5469d
/usr/bin/cmake -E cmake_link_script CMakeFiles/cmTC_5469d.dir/link.txt --verbose=1
/usr/bin/c++    -O3 -DNDEBUG    -rdynamic CMakeFiles/cmTC_5469d.dir/src.cxx.o  -o cmTC_5469d 
make[1]: 离开目录“/home/gglin-test/wifi_SLAM/src/exlib/opencv-3.4.16/build/CMakeFiles/CMakeTmp”

===== END =====

Build output check failed:
    Regex: 'command[- ]line option .* is valid for .* but not for C\+\+'
    Output line: 'cc1plus: warning: command line option ‘-Wstrict-prototypes’ is valid for C/ObjC but not for C++'
Compilation failed:
    source file: '/home/gglin-test/wifi_SLAM/src/exlib/opencv-3.4.16/build/CMakeFiles/CMakeTmp/src.cxx'
    check option: ' -fsigned-char -W -Wall -Werror=return-type -Werror=non-virtual-dtor -Werror=address -Werror=sequence-point -Wformat -Werror=format-security -Wmissing-declarations  -Wstrict-prototypes'
===== BUILD LOG =====
Change Dir: /home/gglin-test/wifi_SLAM/src/exlib/opencv-3.4.16/build/CMakeFiles/CMakeTmp

Run Build Command:"/usr/bin/make" "cmTC_87711/fast"
/usr/bin/make -f CMakeFiles/cmTC_87711.dir/build.make CMakeFiles/cmTC_87711.dir/build
make[1]: 进入目录“/home/gglin-test/wifi_SLAM/src/exlib/opencv-3.4.16/build/CMakeFiles/CMakeTmp”
Building CXX object CMakeFiles/cmTC_87711.dir/src.cxx.o
/usr/bin/c++    -O3 -DNDEBUG -fPIE   -fsigned-char -W -Wall -Werror=return-type -Werror=non-virtual-dtor -Werror=address -Werror=sequence-point -Wformat -Werror=format-security -Wmissing-declarations -Wstrict-prototypes -o CMakeFiles/cmTC_87711.dir/src.cxx.o -c /home/gglin-test/wifi_SLAM/src/exlib/opencv-3.4.16/build/CMakeFiles/CMakeTmp/src.cxx
cc1plus: warning: command line option ‘-Wstrict-prototypes’ is valid for C/ObjC but not for C++
/home/gglin-test/wifi_SLAM/src/exlib/opencv-3.4.16/build/CMakeFiles/CMakeTmp/src.cxx:1:0: warning: ignoring #pragma   [-Wunknown-pragmas]
 #pragma
 
Linking CXX executable cmTC_87711
/usr/bin/cmake -E cmake_link_script CMakeFiles/cmTC_87711.dir/link.txt --verbose=1
/usr/bin/c++    -O3 -DNDEBUG    -rdynamic CMakeFiles/cmTC_87711.dir/src.cxx.o  -o cmTC_87711 
make[1]: 离开目录“/home/gglin-test/wifi_SLAM/src/exlib/opencv-3.4.16/build/CMakeFiles/CMakeTmp”

===== END =====

Build output check failed:
    Regex: 'command[- ]line option .* is valid for .* but not for C'
    Output line: 'cc1: warning: command line option ‘-Wsign-promo’ is valid for C++/ObjC++ but not for C'
Compilation failed:
    source file: '/home/gglin-test/wifi_SLAM/src/exlib/opencv-3.4.16/build/CMakeFiles/CMakeTmp/src.c'
    check option: ' -fsigned-char -W -Wall -Werror=return-type -Werror=address -Werror=sequence-point -Wformat -Werror=format-security -Wmissing-declarations -Wmissing-prototypes -Wstrict-prototypes -Wundef -Winit-self -Wpointer-arith -Wshadow  -Wsign-promo'
===== BUILD LOG =====
Change Dir: /home/gglin-test/wifi_SLAM/src/exlib/opencv-3.4.16/build/CMakeFiles/CMakeTmp

Run Build Command:"/usr/bin/make" "cmTC_5fe55/fast"
/usr/bin/make -f CMakeFiles/cmTC_5fe55.dir/build.make CMakeFiles/cmTC_5fe55.dir/build
make[1]: 进入目录“/home/gglin-test/wifi_SLAM/src/exlib/opencv-3.4.16/build/CMakeFiles/CMakeTmp”
Building C object CMakeFiles/cmTC_5fe55.dir/src.c.o
/usr/bin/cc   -O3 -DNDEBUG -fPIE   -fsigned-char -W -Wall -Werror=return-type -Werror=address -Werror=sequence-point -Wformat -Werror=format-security -Wmissing-declarations -Wmissing-prototypes -Wstrict-prototypes -Wundef -Winit-self -Wpointer-arith -Wshadow -Wsign-promo -o CMakeFiles/cmTC_5fe55.dir/src.c.o   -c /home/gglin-test/wifi_SLAM/src/exlib/opencv-3.4.16/build/CMakeFiles/CMakeTmp/src.c
cc1: warning: command line option ‘-Wsign-promo’ is valid for C++/ObjC++ but not for C
/home/gglin-test/wifi_SLAM/src/exlib/opencv-3.4.16/build/CMakeFiles/CMakeTmp/src.c:1:0: warning: ignoring #pragma   [-Wunknown-pragmas]
 #pragma
 
Linking C executable cmTC_5fe55
/usr/bin/cmake -E cmake_link_script CMakeFiles/cmTC_5fe55.dir/link.txt --verbose=1
/usr/bin/cc   -O3 -DNDEBUG    -rdynamic CMakeFiles/cmTC_5fe55.dir/src.c.o  -o cmTC_5fe55 
make[1]: 离开目录“/home/gglin-test/wifi_SLAM/src/exlib/opencv-3.4.16/build/CMakeFiles/CMakeTmp”

===== END =====

Build output check failed:
    Regex: 'command[- ]line option .* is valid for .* but not for C'
    Output line: 'cc1: warning: command line option ‘-Wsuggest-override’ is valid for C++/ObjC++ but not for C'
Compilation failed:
    source file: '/home/gglin-test/wifi_SLAM/src/exlib/opencv-3.4.16/build/CMakeFiles/CMakeTmp/src.c'
    check option: ' -fsigned-char -W -Wall -Werror=return-type -Werror=address -Werror=sequence-point -Wformat -Werror=format-security -Wmissing-declarations -Wmissing-prototypes -Wstrict-prototypes -Wundef -Winit-self -Wpointer-arith -Wshadow -Wuninitialized  -Wsuggest-override'
===== BUILD LOG =====
Change Dir: /home/gglin-test/wifi_SLAM/src/exlib/opencv-3.4.16/build/CMakeFiles/CMakeTmp

Run Build Command:"/usr/bin/make" "cmTC_de65d/fast"
/usr/bin/make -f CMakeFiles/cmTC_de65d.dir/build.make CMakeFiles/cmTC_de65d.dir/build
make[1]: 进入目录“/home/gglin-test/wifi_SLAM/src/exlib/opencv-3.4.16/build/CMakeFiles/CMakeTmp”
Building C object CMakeFiles/cmTC_de65d.dir/src.c.o
/usr/bin/cc   -O3 -DNDEBUG -fPIE   -fsigned-char -W -Wall -Werror=return-type -Werror=address -Werror=sequence-point -Wformat -Werror=format-security -Wmissing-declarations -Wmissing-prototypes -Wstrict-prototypes -Wundef -Winit-self -Wpointer-arith -Wshadow -Wuninitialized -Wsuggest-override -o CMakeFiles/cmTC_de65d.dir/src.c.o   -c /home/gglin-test/wifi_SLAM/src/exlib/opencv-3.4.16/build/CMakeFiles/CMakeTmp/src.c
cc1: warning: command line option ‘-Wsuggest-override’ is valid for C++/ObjC++ but not for C
/home/gglin-test/wifi_SLAM/src/exlib/opencv-3.4.16/build/CMakeFiles/CMakeTmp/src.c:1:0: warning: ignoring #pragma   [-Wunknown-pragmas]
 #pragma
 
Linking C executable cmTC_de65d
/usr/bin/cmake -E cmake_link_script CMakeFiles/cmTC_de65d.dir/link.txt --verbose=1
/usr/bin/cc   -O3 -DNDEBUG    -rdynamic CMakeFiles/cmTC_de65d.dir/src.c.o  -o cmTC_de65d 
make[1]: 离开目录“/home/gglin-test/wifi_SLAM/src/exlib/opencv-3.4.16/build/CMakeFiles/CMakeTmp”

===== END =====

Build output check failed:
    Regex: 'command[- ]line option .* is valid for .* but not for C'
    Output line: 'cc1: warning: command line option ‘-Wno-delete-non-virtual-dtor’ is valid for C++/ObjC++ but not for C'
Compilation failed:
    source file: '/home/gglin-test/wifi_SLAM/src/exlib/opencv-3.4.16/build/CMakeFiles/CMakeTmp/src.c'
    check option: ' -fsigned-char -W -Wall -Werror=return-type -Werror=address -Werror=sequence-point -Wformat -Werror=format-security -Wmissing-declarations -Wmissing-prototypes -Wstrict-prototypes -Wundef -Winit-self -Wpointer-arith -Wshadow -Wuninitialized  -Wno-delete-non-virtual-dtor'
===== BUILD LOG =====
Change Dir: /home/gglin-test/wifi_SLAM/src/exlib/opencv-3.4.16/build/CMakeFiles/CMakeTmp

Run Build Command:"/usr/bin/make" "cmTC_a9ce9/fast"
/usr/bin/make -f CMakeFiles/cmTC_a9ce9.dir/build.make CMakeFiles/cmTC_a9ce9.dir/build
make[1]: 进入目录“/home/gglin-test/wifi_SLAM/src/exlib/opencv-3.4.16/build/CMakeFiles/CMakeTmp”
Building C object CMakeFiles/cmTC_a9ce9.dir/src.c.o
/usr/bin/cc   -O3 -DNDEBUG -fPIE   -fsigned-char -W -Wall -Werror=return-type -Werror=address -Werror=sequence-point -Wformat -Werror=format-security -Wmissing-declarations -Wmissing-prototypes -Wstrict-prototypes -Wundef -Winit-self -Wpointer-arith -Wshadow -Wuninitialized -Wno-delete-non-virtual-dtor -o CMakeFiles/cmTC_a9ce9.dir/src.c.o   -c /home/gglin-test/wifi_SLAM/src/exlib/opencv-3.4.16/build/CMakeFiles/CMakeTmp/src.c
cc1: warning: command line option ‘-Wno-delete-non-virtual-dtor’ is valid for C++/ObjC++ but not for C
/home/gglin-test/wifi_SLAM/src/exlib/opencv-3.4.16/build/CMakeFiles/CMakeTmp/src.c:1:0: warning: ignoring #pragma   [-Wunknown-pragmas]
 #pragma
 
Linking C executable cmTC_a9ce9
/usr/bin/cmake -E cmake_link_script CMakeFiles/cmTC_a9ce9.dir/link.txt --verbose=1
/usr/bin/cc   -O3 -DNDEBUG    -rdynamic CMakeFiles/cmTC_a9ce9.dir/src.c.o  -o cmTC_a9ce9 
make[1]: 离开目录“/home/gglin-test/wifi_SLAM/src/exlib/opencv-3.4.16/build/CMakeFiles/CMakeTmp”

===== END =====

Build output check failed:
    Regex: 'unrecognized .*option'
    Output line: 'cc1plus: warning: unrecognized command line option ‘-Wno-unnamed-type-template-args’'
Compilation failed:
    source file: '/home/gglin-test/wifi_SLAM/src/exlib/opencv-3.4.16/build/CMakeFiles/CMakeTmp/src.cxx'
    check option: ' -fsigned-char -W -Wall -Werror=return-type -Werror=non-virtual-dtor -Werror=address -Werror=sequence-point -Wformat -Werror=format-security -Wmissing-declarations -Wundef -Winit-self -Wpointer-arith -Wshadow -Wsign-promo -Wuninitialized -Wsuggest-override -Wno-delete-non-virtual-dtor  -Wno-unnamed-type-template-args'
===== BUILD LOG =====
Change Dir: /home/gglin-test/wifi_SLAM/src/exlib/opencv-3.4.16/build/CMakeFiles/CMakeTmp

Run Build Command:"/usr/bin/make" "cmTC_90ad4/fast"
/usr/bin/make -f CMakeFiles/cmTC_90ad4.dir/build.make CMakeFiles/cmTC_90ad4.dir/build
make[1]: 进入目录“/home/gglin-test/wifi_SLAM/src/exlib/opencv-3.4.16/build/CMakeFiles/CMakeTmp”
Building CXX object CMakeFiles/cmTC_90ad4.dir/src.cxx.o
/usr/bin/c++    -O3 -DNDEBUG -fPIE   -fsigned-char -W -Wall -Werror=return-type -Werror=non-virtual-dtor -Werror=address -Werror=sequence-point -Wformat -Werror=format-security -Wmissing-declarations -Wundef -Winit-self -Wpointer-arith -Wshadow -Wsign-promo -Wuninitialized -Wsuggest-override -Wno-delete-non-virtual-dtor -Wno-unnamed-type-template-args -o CMakeFiles/cmTC_90ad4.dir/src.cxx.o -c /home/gglin-test/wifi_SLAM/src/exlib/opencv-3.4.16/build/CMakeFiles/CMakeTmp/src.cxx
/home/gglin-test/wifi_SLAM/src/exlib/opencv-3.4.16/build/CMakeFiles/CMakeTmp/src.cxx:1:0: warning: ignoring #pragma   [-Wunknown-pragmas]
 #pragma
 
cc1plus: warning: unrecognized command line option ‘-Wno-unnamed-type-template-args’
Linking CXX executable cmTC_90ad4
/usr/bin/cmake -E cmake_link_script CMakeFiles/cmTC_90ad4.dir/link.txt --verbose=1
/usr/bin/c++    -O3 -DNDEBUG    -rdynamic CMakeFiles/cmTC_90ad4.dir/src.cxx.o  -o cmTC_90ad4 
make[1]: 离开目录“/home/gglin-test/wifi_SLAM/src/exlib/opencv-3.4.16/build/CMakeFiles/CMakeTmp”

===== END =====

Build output check failed:
    Regex: 'unrecognized .*option'
    Output line: 'cc1: warning: unrecognized command line option ‘-Wno-unnamed-type-template-args’'
Compilation failed:
    source file: '/home/gglin-test/wifi_SLAM/src/exlib/opencv-3.4.16/build/CMakeFiles/CMakeTmp/src.c'
    check option: ' -fsigned-char -W -Wall -Werror=return-type -Werror=address -Werror=sequence-point -Wformat -Werror=format-security -Wmissing-declarations -Wmissing-prototypes -Wstrict-prototypes -Wundef -Winit-self -Wpointer-arith -Wshadow -Wuninitialized  -Wno-unnamed-type-template-args'
===== BUILD LOG =====
Change Dir: /home/gglin-test/wifi_SLAM/src/exlib/opencv-3.4.16/build/CMakeFiles/CMakeTmp

Run Build Command:"/usr/bin/make" "cmTC_85cb5/fast"
/usr/bin/make -f CMakeFiles/cmTC_85cb5.dir/build.make CMakeFiles/cmTC_85cb5.dir/build
make[1]: 进入目录“/home/gglin-test/wifi_SLAM/src/exlib/opencv-3.4.16/build/CMakeFiles/CMakeTmp”
Building C object CMakeFiles/cmTC_85cb5.dir/src.c.o
/usr/bin/cc   -O3 -DNDEBUG -fPIE   -fsigned-char -W -Wall -Werror=return-type -Werror=address -Werror=sequence-point -Wformat -Werror=format-security -Wmissing-declarations -Wmissing-prototypes -Wstrict-prototypes -Wundef -Winit-self -Wpointer-arith -Wshadow -Wuninitialized -Wno-unnamed-type-template-args -o CMakeFiles/cmTC_85cb5.dir/src.c.o   -c /home/gglin-test/wifi_SLAM/src/exlib/opencv-3.4.16/build/CMakeFiles/CMakeTmp/src.c
/home/gglin-test/wifi_SLAM/src/exlib/opencv-3.4.16/build/CMakeFiles/CMakeTmp/src.c:1:0: warning: ignoring #pragma   [-Wunknown-pragmas]
 #pragma
 
cc1: warning: unrecognized command line option ‘-Wno-unnamed-type-template-args’
Linking C executable cmTC_85cb5
/usr/bin/cmake -E cmake_link_script CMakeFiles/cmTC_85cb5.dir/link.txt --verbose=1
/usr/bin/cc   -O3 -DNDEBUG    -rdynamic CMakeFiles/cmTC_85cb5.dir/src.c.o  -o cmTC_85cb5 
make[1]: 离开目录“/home/gglin-test/wifi_SLAM/src/exlib/opencv-3.4.16/build/CMakeFiles/CMakeTmp”

===== END =====

Build output check failed:
    Regex: 'command[- ]line option .* is valid for .* but not for C'
    Output line: 'cc1: warning: command line option ‘-fvisibility-inlines-hidden’ is valid for C++/ObjC++ but not for C'
Compilation failed:
    source file: '/home/gglin-test/wifi_SLAM/src/exlib/opencv-3.4.16/build/CMakeFiles/CMakeTmp/src.c'
    check option: ' -fsigned-char -W -Wall -Werror=return-type -Werror=address -Werror=sequence-point -Wformat -Werror=format-security -Wmissing-declarations -Wmissing-prototypes -Wstrict-prototypes -Wundef -Winit-self -Wpointer-arith -Wshadow -Wuninitialized -Wno-comment -Wimplicit-fallthrough=3 -Wno-strict-overflow -fdiagnostics-show-option -Wno-long-long -pthread -fomit-frame-pointer -ffunction-sections -fdata-sections  -msse -msse2 -msse3 -fvisibility=hidden  -fvisibility-inlines-hidden'
===== BUILD LOG =====
Change Dir: /home/gglin-test/wifi_SLAM/src/exlib/opencv-3.4.16/build/CMakeFiles/CMakeTmp

Run Build Command:"/usr/bin/make" "cmTC_1731a/fast"
/usr/bin/make -f CMakeFiles/cmTC_1731a.dir/build.make CMakeFiles/cmTC_1731a.dir/build
make[1]: 进入目录“/home/gglin-test/wifi_SLAM/src/exlib/opencv-3.4.16/build/CMakeFiles/CMakeTmp”
Building C object CMakeFiles/cmTC_1731a.dir/src.c.o
/usr/bin/cc   -O3 -DNDEBUG -fPIE   -fsigned-char -W -Wall -Werror=return-type -Werror=address -Werror=sequence-point -Wformat -Werror=format-security -Wmissing-declarations -Wmissing-prototypes -Wstrict-prototypes -Wundef -Winit-self -Wpointer-arith -Wshadow -Wuninitialized -Wno-comment -Wimplicit-fallthrough=3 -Wno-strict-overflow -fdiagnostics-show-option -Wno-long-long -pthread -fomit-frame-pointer -ffunction-sections -fdata-sections -msse -msse2 -msse3 -fvisibility=hidden -fvisibility-inlines-hidden -o CMakeFiles/cmTC_1731a.dir/src.c.o   -c /home/gglin-test/wifi_SLAM/src/exlib/opencv-3.4.16/build/CMakeFiles/CMakeTmp/src.c
cc1: warning: command line option ‘-fvisibility-inlines-hidden’ is valid for C++/ObjC++ but not for C
/home/gglin-test/wifi_SLAM/src/exlib/opencv-3.4.16/build/CMakeFiles/CMakeTmp/src.c:1:0: warning: ignoring #pragma   [-Wunknown-pragmas]
 #pragma
 
Linking C executable cmTC_1731a
/usr/bin/cmake -E cmake_link_script CMakeFiles/cmTC_1731a.dir/link.txt --verbose=1
/usr/bin/cc   -O3 -DNDEBUG    -rdynamic CMakeFiles/cmTC_1731a.dir/src.c.o  -o cmTC_1731a 
make[1]: 离开目录“/home/gglin-test/wifi_SLAM/src/exlib/opencv-3.4.16/build/CMakeFiles/CMakeTmp”

===== END =====

Build output check failed:
    Regex: 'unrecognized .*option'
    Output line: 'cc1: warning: unrecognized command line option ‘-Wno-absolute-value’'
Compilation failed:
    source file: '/home/gglin-test/wifi_SLAM/src/exlib/opencv-3.4.16/build/CMakeFiles/CMakeTmp/src.c'
    check option: ' -Wno-absolute-value'
===== BUILD LOG =====
Change Dir: /home/gglin-test/wifi_SLAM/src/exlib/opencv-3.4.16/build/CMakeFiles/CMakeTmp

Run Build Command:"/usr/bin/make" "cmTC_5c4f7/fast"
/usr/bin/make -f CMakeFiles/cmTC_5c4f7.dir/build.make CMakeFiles/cmTC_5c4f7.dir/build
make[1]: 进入目录“/home/gglin-test/wifi_SLAM/src/exlib/opencv-3.4.16/build/CMakeFiles/CMakeTmp”
Building C object CMakeFiles/cmTC_5c4f7.dir/src.c.o
/usr/bin/cc   -fsigned-char -W -Wall -Werror=return-type -Werror=address -Werror=sequence-point -Wformat -Werror=format-security -Wstrict-prototypes -Wundef -Winit-self -Wpointer-arith -Wuninitialized -Wno-comment -Wimplicit-fallthrough=3 -Wno-strict-overflow -fdiagnostics-show-option -Wno-long-long -pthread -fomit-frame-pointer -ffunction-sections -fdata-sections  -msse -msse2 -msse3 -fvisibility=hidden -Wno-implicit-function-declaration -Wno-uninitialized -Wno-missing-prototypes -Wno-unused-but-set-parameter -Wno-missing-declarations -Wno-unused -Wno-shadow -Wno-sign-compare -Wno-strict-overflow -Wno-pointer-compare  -O3 -DNDEBUG  -DNDEBUG -fPIE   -Wno-absolute-value -o CMakeFiles/cmTC_5c4f7.dir/src.c.o   -c /home/gglin-test/wifi_SLAM/src/exlib/opencv-3.4.16/build/CMakeFiles/CMakeTmp/src.c
/home/gglin-test/wifi_SLAM/src/exlib/opencv-3.4.16/build/CMakeFiles/CMakeTmp/src.c:1:0: warning: ignoring #pragma   [-Wunknown-pragmas]
 #pragma
 
cc1: warning: unrecognized command line option ‘-Wno-absolute-value’
Linking C executable cmTC_5c4f7
/usr/bin/cmake -E cmake_link_script CMakeFiles/cmTC_5c4f7.dir/link.txt --verbose=1
/usr/bin/cc    -fsigned-char -W -Wall -Werror=return-type -Werror=address -Werror=sequence-point -Wformat -Werror=format-security -Wstrict-prototypes -Wundef -Winit-self -Wpointer-arith -Wuninitialized -Wno-comment -Wimplicit-fallthrough=3 -Wno-strict-overflow -fdiagnostics-show-option -Wno-long-long -pthread -fomit-frame-pointer -ffunction-sections -fdata-sections  -msse -msse2 -msse3 -fvisibility=hidden -Wno-implicit-function-declaration -Wno-uninitialized -Wno-missing-prototypes -Wno-unused-but-set-parameter -Wno-missing-declarations -Wno-unused -Wno-shadow -Wno-sign-compare -Wno-strict-overflow -Wno-pointer-compare  -O3 -DNDEBUG  -DNDEBUG    -Wl,--gc-sections -Wl,--as-needed  -rdynamic CMakeFiles/cmTC_5c4f7.dir/src.c.o  -o cmTC_5c4f7 
make[1]: 离开目录“/home/gglin-test/wifi_SLAM/src/exlib/opencv-3.4.16/build/CMakeFiles/CMakeTmp”

===== END =====

Determining if the include file linux/videodev.h exists failed with the following output:
Change Dir: /home/gglin-test/wifi_SLAM/src/exlib/opencv-3.4.16/build/CMakeFiles/CMakeTmp

Run Build Command:"/usr/bin/make" "cmTC_d39a5/fast"
/usr/bin/make -f CMakeFiles/cmTC_d39a5.dir/build.make CMakeFiles/cmTC_d39a5.dir/build
make[1]: 进入目录“/home/gglin-test/wifi_SLAM/src/exlib/opencv-3.4.16/build/CMakeFiles/CMakeTmp”
Building C object CMakeFiles/cmTC_d39a5.dir/CheckIncludeFile.c.o
/usr/bin/cc   -fsigned-char -W -Wall -Werror=return-type -Werror=address -Werror=sequence-point -Wformat -Werror=format-security -Wmissing-declarations -Wmissing-prototypes -Wstrict-prototypes -Wundef -Winit-self -Wpointer-arith -Wshadow -Wuninitialized -Wno-comment -Wimplicit-fallthrough=3 -Wno-strict-overflow -fdiagnostics-show-option -Wno-long-long -pthread -fomit-frame-pointer -ffunction-sections -fdata-sections  -msse -msse2 -msse3 -fvisibility=hidden  -O3 -DNDEBUG  -DNDEBUG -fPIE   -o CMakeFiles/cmTC_d39a5.dir/CheckIncludeFile.c.o   -c /home/gglin-test/wifi_SLAM/src/exlib/opencv-3.4.16/build/CMakeFiles/CMakeTmp/CheckIncludeFile.c
/home/gglin-test/wifi_SLAM/src/exlib/opencv-3.4.16/build/CMakeFiles/CMakeTmp/CheckIncludeFile.c:1:10: fatal error: linux/videodev.h: 没有那个文件或目录
 #include <linux/videodev.h>
          ^~~~~~~~~~~~~~~~~~
compilation terminated.
CMakeFiles/cmTC_d39a5.dir/build.make:65: recipe for target 'CMakeFiles/cmTC_d39a5.dir/CheckIncludeFile.c.o' failed
make[1]: *** [CMakeFiles/cmTC_d39a5.dir/CheckIncludeFile.c.o] Error 1
make[1]: 离开目录“/home/gglin-test/wifi_SLAM/src/exlib/opencv-3.4.16/build/CMakeFiles/CMakeTmp”
Makefile:126: recipe for target 'cmTC_d39a5/fast' failed
make: *** [cmTC_d39a5/fast] Error 2


Determining if the include file sys/videoio.h exists failed with the following output:
Change Dir: /home/gglin-test/wifi_SLAM/src/exlib/opencv-3.4.16/build/CMakeFiles/CMakeTmp

Run Build Command:"/usr/bin/make" "cmTC_3e3dd/fast"
/usr/bin/make -f CMakeFiles/cmTC_3e3dd.dir/build.make CMakeFiles/cmTC_3e3dd.dir/build
make[1]: 进入目录“/home/gglin-test/wifi_SLAM/src/exlib/opencv-3.4.16/build/CMakeFiles/CMakeTmp”
Building C object CMakeFiles/cmTC_3e3dd.dir/CheckIncludeFile.c.o
/usr/bin/cc   -fsigned-char -W -Wall -Werror=return-type -Werror=address -Werror=sequence-point -Wformat -Werror=format-security -Wmissing-declarations -Wmissing-prototypes -Wstrict-prototypes -Wundef -Winit-self -Wpointer-arith -Wshadow -Wuninitialized -Wno-comment -Wimplicit-fallthrough=3 -Wno-strict-overflow -fdiagnostics-show-option -Wno-long-long -pthread -fomit-frame-pointer -ffunction-sections -fdata-sections  -msse -msse2 -msse3 -fvisibility=hidden  -O3 -DNDEBUG  -DNDEBUG -fPIE   -o CMakeFiles/cmTC_3e3dd.dir/CheckIncludeFile.c.o   -c /home/gglin-test/wifi_SLAM/src/exlib/opencv-3.4.16/build/CMakeFiles/CMakeTmp/CheckIncludeFile.c
/home/gglin-test/wifi_SLAM/src/exlib/opencv-3.4.16/build/CMakeFiles/CMakeTmp/CheckIncludeFile.c:1:10: fatal error: sys/videoio.h: 没有那个文件或目录
 #include <sys/videoio.h>
          ^~~~~~~~~~~~~~~
compilation terminated.
CMakeFiles/cmTC_3e3dd.dir/build.make:65: recipe for target 'CMakeFiles/cmTC_3e3dd.dir/CheckIncludeFile.c.o' failed
make[1]: *** [CMakeFiles/cmTC_3e3dd.dir/CheckIncludeFile.c.o] Error 1
make[1]: 离开目录“/home/gglin-test/wifi_SLAM/src/exlib/opencv-3.4.16/build/CMakeFiles/CMakeTmp”
Makefile:126: recipe for target 'cmTC_3e3dd/fast' failed
make: *** [cmTC_3e3dd/fast] Error 2


Build output check failed:
    Regex: 'command[- ]line option .* is valid for .* but not for C\+\+'
    Output line: 'cc1plus: warning: command line option ‘-Wno-missing-prototypes’ is valid for C/ObjC but not for C++'
Compilation failed:
    source file: '/home/gglin-test/wifi_SLAM/src/exlib/opencv-3.4.16/build/CMakeFiles/CMakeTmp/src.cxx'
    check option: ' -Wno-missing-prototypes'
===== BUILD LOG =====
Change Dir: /home/gglin-test/wifi_SLAM/src/exlib/opencv-3.4.16/build/CMakeFiles/CMakeTmp

Run Build Command:"/usr/bin/make" "cmTC_0eb0b/fast"
/usr/bin/make -f CMakeFiles/cmTC_0eb0b.dir/build.make CMakeFiles/cmTC_0eb0b.dir/build
make[1]: 进入目录“/home/gglin-test/wifi_SLAM/src/exlib/opencv-3.4.16/build/CMakeFiles/CMakeTmp”
Building CXX object CMakeFiles/cmTC_0eb0b.dir/src.cxx.o
/usr/bin/c++    -fsigned-char -W -Wall -Werror=return-type -Werror=non-virtual-dtor -Werror=address -Werror=sequence-point -Wformat -Werror=format-security -Wmissing-declarations -Wundef -Winit-self -Wpointer-arith -Wshadow -Wsign-promo -Wuninitialized -Wsuggest-override -Wno-delete-non-virtual-dtor -Wno-comment -Wimplicit-fallthrough=3 -Wno-strict-overflow -fdiagnostics-show-option -Wno-long-long -pthread -fomit-frame-pointer -ffunction-sections -fdata-sections  -msse -msse2 -msse3 -fvisibility=hidden -fvisibility-inlines-hidden -Wno-deprecated  -O3 -DNDEBUG  -DNDEBUG -fPIE   -Wno-missing-prototypes -o CMakeFiles/cmTC_0eb0b.dir/src.cxx.o -c /home/gglin-test/wifi_SLAM/src/exlib/opencv-3.4.16/build/CMakeFiles/CMakeTmp/src.cxx
cc1plus: warning: command line option ‘-Wno-missing-prototypes’ is valid for C/ObjC but not for C++
/home/gglin-test/wifi_SLAM/src/exlib/opencv-3.4.16/build/CMakeFiles/CMakeTmp/src.cxx:1:0: warning: ignoring #pragma   [-Wunknown-pragmas]
 #pragma
 
Linking CXX executable cmTC_0eb0b
/usr/bin/cmake -E cmake_link_script CMakeFiles/cmTC_0eb0b.dir/link.txt --verbose=1
/usr/bin/c++     -fsigned-char -W -Wall -Werror=return-type -Werror=non-virtual-dtor -Werror=address -Werror=sequence-point -Wformat -Werror=format-security -Wmissing-declarations -Wundef -Winit-self -Wpointer-arith -Wshadow -Wsign-promo -Wuninitialized -Wsuggest-override -Wno-delete-non-virtual-dtor -Wno-comment -Wimplicit-fallthrough=3 -Wno-strict-overflow -fdiagnostics-show-option -Wno-long-long -pthread -fomit-frame-pointer -ffunction-sections -fdata-sections  -msse -msse2 -msse3 -fvisibility=hidden -fvisibility-inlines-hidden -Wno-deprecated  -O3 -DNDEBUG  -DNDEBUG    -Wl,--gc-sections -Wl,--as-needed  -rdynamic CMakeFiles/cmTC_0eb0b.dir/src.cxx.o  -o cmTC_0eb0b 
make[1]: 离开目录“/home/gglin-test/wifi_SLAM/src/exlib/opencv-3.4.16/build/CMakeFiles/CMakeTmp”

===== END =====

Build output check failed:
    Regex: 'unrecognized .*option'
    Output line: 'cc1plus: warning: unrecognized command line option ‘-Wno-tautological-undefined-compare’'
Compilation failed:
    source file: '/home/gglin-test/wifi_SLAM/src/exlib/opencv-3.4.16/build/CMakeFiles/CMakeTmp/src.cxx'
    check option: ' -Wno-tautological-undefined-compare'
===== BUILD LOG =====
Change Dir: /home/gglin-test/wifi_SLAM/src/exlib/opencv-3.4.16/build/CMakeFiles/CMakeTmp

Run Build Command:"/usr/bin/make" "cmTC_de190/fast"
/usr/bin/make -f CMakeFiles/cmTC_de190.dir/build.make CMakeFiles/cmTC_de190.dir/build
make[1]: 进入目录“/home/gglin-test/wifi_SLAM/src/exlib/opencv-3.4.16/build/CMakeFiles/CMakeTmp”
Building CXX object CMakeFiles/cmTC_de190.dir/src.cxx.o
/usr/bin/c++    -fsigned-char -W -Wall -Werror=return-type -Werror=non-virtual-dtor -Werror=address -Werror=sequence-point -Wformat -Werror=format-security -Winit-self -Wpointer-arith -Wuninitialized -Wsuggest-override -Wno-delete-non-virtual-dtor -Wno-comment -Wimplicit-fallthrough=3 -Wno-strict-overflow -fdiagnostics-show-option -Wno-long-long -pthread -fomit-frame-pointer -ffunction-sections -fdata-sections  -msse -msse2 -msse3 -fvisibility=hidden -fvisibility-inlines-hidden -Wno-deprecated -Wno-missing-declarations -Wno-shadow -Wno-unused-parameter -Wno-unused-local-typedefs -Wno-sign-compare -Wno-sign-promo -Wno-undef  -O3 -DNDEBUG  -DNDEBUG -fPIE   -Wno-tautological-undefined-compare -o CMakeFiles/cmTC_de190.dir/src.cxx.o -c /home/gglin-test/wifi_SLAM/src/exlib/opencv-3.4.16/build/CMakeFiles/CMakeTmp/src.cxx
/home/gglin-test/wifi_SLAM/src/exlib/opencv-3.4.16/build/CMakeFiles/CMakeTmp/src.cxx:1:0: warning: ignoring #pragma   [-Wunknown-pragmas]
 #pragma
 
cc1plus: warning: unrecognized command line option ‘-Wno-tautological-undefined-compare’
Linking CXX executable cmTC_de190
/usr/bin/cmake -E cmake_link_script CMakeFiles/cmTC_de190.dir/link.txt --verbose=1
/usr/bin/c++     -fsigned-char -W -Wall -Werror=return-type -Werror=non-virtual-dtor -Werror=address -Werror=sequence-point -Wformat -Werror=format-security -Winit-self -Wpointer-arith -Wuninitialized -Wsuggest-override -Wno-delete-non-virtual-dtor -Wno-comment -Wimplicit-fallthrough=3 -Wno-strict-overflow -fdiagnostics-show-option -Wno-long-long -pthread -fomit-frame-pointer -ffunction-sections -fdata-sections  -msse -msse2 -msse3 -fvisibility=hidden -fvisibility-inlines-hidden -Wno-deprecated -Wno-missing-declarations -Wno-shadow -Wno-unused-parameter -Wno-unused-local-typedefs -Wno-sign-compare -Wno-sign-promo -Wno-undef  -O3 -DNDEBUG  -DNDEBUG    -Wl,--gc-sections -Wl,--as-needed  -rdynamic CMakeFiles/cmTC_de190.dir/src.cxx.o  -o cmTC_de190 
make[1]: 离开目录“/home/gglin-test/wifi_SLAM/src/exlib/opencv-3.4.16/build/CMakeFiles/CMakeTmp”

===== END =====

Build output check failed:
    Regex: 'unrecognized .*option'
    Output line: 'cc1plus: warning: unrecognized command line option ‘-Wno-shorten-64-to-32’'
Compilation failed:
    source file: '/home/gglin-test/wifi_SLAM/src/exlib/opencv-3.4.16/build/CMakeFiles/CMakeTmp/src.cxx'
    check option: ' -Wno-shorten-64-to-32'
===== BUILD LOG =====
Change Dir: /home/gglin-test/wifi_SLAM/src/exlib/opencv-3.4.16/build/CMakeFiles/CMakeTmp

Run Build Command:"/usr/bin/make" "cmTC_f7084/fast"
/usr/bin/make -f CMakeFiles/cmTC_f7084.dir/build.make CMakeFiles/cmTC_f7084.dir/build
make[1]: 进入目录“/home/gglin-test/wifi_SLAM/src/exlib/opencv-3.4.16/build/CMakeFiles/CMakeTmp”
Building CXX object CMakeFiles/cmTC_f7084.dir/src.cxx.o
/usr/bin/c++    -fsigned-char -W -Wall -Werror=return-type -Werror=non-virtual-dtor -Werror=address -Werror=sequence-point -Wformat -Werror=format-security -Winit-self -Wpointer-arith -Wuninitialized -Wsuggest-override -Wno-delete-non-virtual-dtor -Wno-comment -Wimplicit-fallthrough=3 -Wno-strict-overflow -fdiagnostics-show-option -Wno-long-long -pthread -fomit-frame-pointer -ffunction-sections -fdata-sections  -msse -msse2 -msse3 -fvisibility=hidden -fvisibility-inlines-hidden -Wno-deprecated -Wno-missing-declarations -Wno-shadow -Wno-unused-parameter -Wno-unused-local-typedefs -Wno-sign-compare -Wno-sign-promo -Wno-undef -Wno-ignored-qualifiers -Wno-extra -Wno-unused-function -Wno-unused-const-variable  -O3 -DNDEBUG  -DNDEBUG -fPIE   -Wno-shorten-64-to-32 -o CMakeFiles/cmTC_f7084.dir/src.cxx.o -c /home/gglin-test/wifi_SLAM/src/exlib/opencv-3.4.16/build/CMakeFiles/CMakeTmp/src.cxx
/home/gglin-test/wifi_SLAM/src/exlib/opencv-3.4.16/build/CMakeFiles/CMakeTmp/src.cxx:1:0: warning: ignoring #pragma   [-Wunknown-pragmas]
 #pragma
 
cc1plus: warning: unrecognized command line option ‘-Wno-shorten-64-to-32’
Linking CXX executable cmTC_f7084
/usr/bin/cmake -E cmake_link_script CMakeFiles/cmTC_f7084.dir/link.txt --verbose=1
/usr/bin/c++     -fsigned-char -W -Wall -Werror=return-type -Werror=non-virtual-dtor -Werror=address -Werror=sequence-point -Wformat -Werror=format-security -Winit-self -Wpointer-arith -Wuninitialized -Wsuggest-override -Wno-delete-non-virtual-dtor -Wno-comment -Wimplicit-fallthrough=3 -Wno-strict-overflow -fdiagnostics-show-option -Wno-long-long -pthread -fomit-frame-pointer -ffunction-sections -fdata-sections  -msse -msse2 -msse3 -fvisibility=hidden -fvisibility-inlines-hidden -Wno-deprecated -Wno-missing-declarations -Wno-shadow -Wno-unused-parameter -Wno-unused-local-typedefs -Wno-sign-compare -Wno-sign-promo -Wno-undef -Wno-ignored-qualifiers -Wno-extra -Wno-unused-function -Wno-unused-const-variable  -O3 -DNDEBUG  -DNDEBUG    -Wl,--gc-sections -Wl,--as-needed  -rdynamic CMakeFiles/cmTC_f7084.dir/src.cxx.o  -o cmTC_f7084 
make[1]: 离开目录“/home/gglin-test/wifi_SLAM/src/exlib/opencv-3.4.16/build/CMakeFiles/CMakeTmp”

===== END =====

Build output check failed:
    Regex: 'unrecognized .*option'
    Output line: 'cc1plus: warning: unrecognized command line option ‘-Wno-enum-compare-switch’'
Compilation failed:
    source file: '/home/gglin-test/wifi_SLAM/src/exlib/opencv-3.4.16/build/CMakeFiles/CMakeTmp/src.cxx'
    check option: ' -Wno-enum-compare-switch'
===== BUILD LOG =====
Change Dir: /home/gglin-test/wifi_SLAM/src/exlib/opencv-3.4.16/build/CMakeFiles/CMakeTmp

Run Build Command:"/usr/bin/make" "cmTC_bb61f/fast"
/usr/bin/make -f CMakeFiles/cmTC_bb61f.dir/build.make CMakeFiles/cmTC_bb61f.dir/build
make[1]: 进入目录“/home/gglin-test/wifi_SLAM/src/exlib/opencv-3.4.16/build/CMakeFiles/CMakeTmp”
Building CXX object CMakeFiles/cmTC_bb61f.dir/src.cxx.o
/usr/bin/c++    -fsigned-char -W -Wall -Werror=return-type -Werror=non-virtual-dtor -Werror=address -Werror=sequence-point -Wformat -Werror=format-security -Winit-self -Wpointer-arith -Wuninitialized -Wsuggest-override -Wno-delete-non-virtual-dtor -Wno-comment -Wimplicit-fallthrough=3 -Wno-strict-overflow -fdiagnostics-show-option -Wno-long-long -pthread -fomit-frame-pointer -ffunction-sections -fdata-sections  -msse -msse2 -msse3 -fvisibility=hidden -fvisibility-inlines-hidden -Wno-deprecated -Wno-missing-declarations -Wno-shadow -Wno-unused-parameter -Wno-unused-local-typedefs -Wno-sign-compare -Wno-sign-promo -Wno-undef -Wno-ignored-qualifiers -Wno-extra -Wno-unused-function -Wno-unused-const-variable -Wno-invalid-offsetof  -O3 -DNDEBUG  -DNDEBUG -fPIE   -Wno-enum-compare-switch -o CMakeFiles/cmTC_bb61f.dir/src.cxx.o -c /home/gglin-test/wifi_SLAM/src/exlib/opencv-3.4.16/build/CMakeFiles/CMakeTmp/src.cxx
/home/gglin-test/wifi_SLAM/src/exlib/opencv-3.4.16/build/CMakeFiles/CMakeTmp/src.cxx:1:0: warning: ignoring #pragma   [-Wunknown-pragmas]
 #pragma
 
cc1plus: warning: unrecognized command line option ‘-Wno-enum-compare-switch’
Linking CXX executable cmTC_bb61f
/usr/bin/cmake -E cmake_link_script CMakeFiles/cmTC_bb61f.dir/link.txt --verbose=1
/usr/bin/c++     -fsigned-char -W -Wall -Werror=return-type -Werror=non-virtual-dtor -Werror=address -Werror=sequence-point -Wformat -Werror=format-security -Winit-self -Wpointer-arith -Wuninitialized -Wsuggest-override -Wno-delete-non-virtual-dtor -Wno-comment -Wimplicit-fallthrough=3 -Wno-strict-overflow -fdiagnostics-show-option -Wno-long-long -pthread -fomit-frame-pointer -ffunction-sections -fdata-sections  -msse -msse2 -msse3 -fvisibility=hidden -fvisibility-inlines-hidden -Wno-deprecated -Wno-missing-declarations -Wno-shadow -Wno-unused-parameter -Wno-unused-local-typedefs -Wno-sign-compare -Wno-sign-promo -Wno-undef -Wno-ignored-qualifiers -Wno-extra -Wno-unused-function -Wno-unused-const-variable -Wno-invalid-offsetof  -O3 -DNDEBUG  -DNDEBUG    -Wl,--gc-sections -Wl,--as-needed  -rdynamic CMakeFiles/cmTC_bb61f.dir/src.cxx.o  -o cmTC_bb61f 
make[1]: 离开目录“/home/gglin-test/wifi_SLAM/src/exlib/opencv-3.4.16/build/CMakeFiles/CMakeTmp”

===== END =====

Build output check failed:
    Regex: 'unrecognized .*option'
    Output line: 'cc1plus: warning: unrecognized command line option ‘-Wno-inconsistent-missing-override’'
Compilation failed:
    source file: '/home/gglin-test/wifi_SLAM/src/exlib/opencv-3.4.16/build/CMakeFiles/CMakeTmp/src.cxx'
    check option: ' -Wno-inconsistent-missing-override'
===== BUILD LOG =====
Change Dir: /home/gglin-test/wifi_SLAM/src/exlib/opencv-3.4.16/build/CMakeFiles/CMakeTmp

Run Build Command:"/usr/bin/make" "cmTC_e3c47/fast"
/usr/bin/make -f CMakeFiles/cmTC_e3c47.dir/build.make CMakeFiles/cmTC_e3c47.dir/build
make[1]: 进入目录“/home/gglin-test/wifi_SLAM/src/exlib/opencv-3.4.16/build/CMakeFiles/CMakeTmp”
Building CXX object CMakeFiles/cmTC_e3c47.dir/src.cxx.o
/usr/bin/c++    -fsigned-char -W -Wall -Werror=return-type -Werror=non-virtual-dtor -Werror=address -Werror=sequence-point -Wformat -Werror=format-security -Winit-self -Wpointer-arith -Wuninitialized -Wno-delete-non-virtual-dtor -Wno-comment -Wimplicit-fallthrough=3 -Wno-strict-overflow -fdiagnostics-show-option -Wno-long-long -pthread -fomit-frame-pointer -ffunction-sections -fdata-sections  -msse -msse2 -msse3 -fvisibility=hidden -fvisibility-inlines-hidden -Wno-deprecated -Wno-missing-declarations -Wno-shadow -Wno-unused-parameter -Wno-unused-local-typedefs -Wno-sign-compare -Wno-sign-promo -Wno-undef -Wno-ignored-qualifiers -Wno-extra -Wno-unused-function -Wno-unused-const-variable -Wno-invalid-offsetof -Wno-suggest-override  -O3 -DNDEBUG  -DNDEBUG -fPIE   -Wno-inconsistent-missing-override -o CMakeFiles/cmTC_e3c47.dir/src.cxx.o -c /home/gglin-test/wifi_SLAM/src/exlib/opencv-3.4.16/build/CMakeFiles/CMakeTmp/src.cxx
/home/gglin-test/wifi_SLAM/src/exlib/opencv-3.4.16/build/CMakeFiles/CMakeTmp/src.cxx:1:0: warning: ignoring #pragma   [-Wunknown-pragmas]
 #pragma
 
cc1plus: warning: unrecognized command line option ‘-Wno-inconsistent-missing-override’
Linking CXX executable cmTC_e3c47
/usr/bin/cmake -E cmake_link_script CMakeFiles/cmTC_e3c47.dir/link.txt --verbose=1
/usr/bin/c++     -fsigned-char -W -Wall -Werror=return-type -Werror=non-virtual-dtor -Werror=address -Werror=sequence-point -Wformat -Werror=format-security -Winit-self -Wpointer-arith -Wuninitialized -Wno-delete-non-virtual-dtor -Wno-comment -Wimplicit-fallthrough=3 -Wno-strict-overflow -fdiagnostics-show-option -Wno-long-long -pthread -fomit-frame-pointer -ffunction-sections -fdata-sections  -msse -msse2 -msse3 -fvisibility=hidden -fvisibility-inlines-hidden -Wno-deprecated -Wno-missing-declarations -Wno-shadow -Wno-unused-parameter -Wno-unused-local-typedefs -Wno-sign-compare -Wno-sign-promo -Wno-undef -Wno-ignored-qualifiers -Wno-extra -Wno-unused-function -Wno-unused-const-variable -Wno-invalid-offsetof -Wno-suggest-override  -O3 -DNDEBUG  -DNDEBUG    -Wl,--gc-sections -Wl,--as-needed  -rdynamic CMakeFiles/cmTC_e3c47.dir/src.cxx.o  -o cmTC_e3c47 
make[1]: 离开目录“/home/gglin-test/wifi_SLAM/src/exlib/opencv-3.4.16/build/CMakeFiles/CMakeTmp”

===== END =====

Build output check failed:
    Regex: 'unrecognized .*option'
    Output line: 'cc1plus: warning: unrecognized command line option ‘-Wno-unused-private-field’'
Compilation failed:
    source file: '/home/gglin-test/wifi_SLAM/src/exlib/opencv-3.4.16/build/CMakeFiles/CMakeTmp/src.cxx'
    check option: ' -Wno-unused-private-field'
===== BUILD LOG =====
Change Dir: /home/gglin-test/wifi_SLAM/src/exlib/opencv-3.4.16/build/CMakeFiles/CMakeTmp

Run Build Command:"/usr/bin/make" "cmTC_432c4/fast"
/usr/bin/make -f CMakeFiles/cmTC_432c4.dir/build.make CMakeFiles/cmTC_432c4.dir/build
make[1]: 进入目录“/home/gglin-test/wifi_SLAM/src/exlib/opencv-3.4.16/build/CMakeFiles/CMakeTmp”
Building CXX object CMakeFiles/cmTC_432c4.dir/src.cxx.o
/usr/bin/c++    -fsigned-char -W -Wall -Werror=return-type -Werror=non-virtual-dtor -Werror=address -Werror=sequence-point -Wformat -Werror=format-security -Wmissing-declarations -Wundef -Winit-self -Wpointer-arith -Wshadow -Wsign-promo -Wuninitialized -Wsuggest-override -Wno-delete-non-virtual-dtor -Wno-comment -Wimplicit-fallthrough=3 -Wno-strict-overflow -fdiagnostics-show-option -Wno-long-long -pthread -fomit-frame-pointer -ffunction-sections -fdata-sections  -msse -msse2 -msse3 -fvisibility=hidden -fvisibility-inlines-hidden -Wno-unused-function -Wno-deprecated-declarations -Wno-overloaded-virtual  -O3 -DNDEBUG  -DNDEBUG -fPIE   -Wno-unused-private-field -o CMakeFiles/cmTC_432c4.dir/src.cxx.o -c /home/gglin-test/wifi_SLAM/src/exlib/opencv-3.4.16/build/CMakeFiles/CMakeTmp/src.cxx
/home/gglin-test/wifi_SLAM/src/exlib/opencv-3.4.16/build/CMakeFiles/CMakeTmp/src.cxx:1:0: warning: ignoring #pragma   [-Wunknown-pragmas]
 #pragma
 
cc1plus: warning: unrecognized command line option ‘-Wno-unused-private-field’
Linking CXX executable cmTC_432c4
/usr/bin/cmake -E cmake_link_script CMakeFiles/cmTC_432c4.dir/link.txt --verbose=1
/usr/bin/c++     -fsigned-char -W -Wall -Werror=return-type -Werror=non-virtual-dtor -Werror=address -Werror=sequence-point -Wformat -Werror=format-security -Wmissing-declarations -Wundef -Winit-self -Wpointer-arith -Wshadow -Wsign-promo -Wuninitialized -Wsuggest-override -Wno-delete-non-virtual-dtor -Wno-comment -Wimplicit-fallthrough=3 -Wno-strict-overflow -fdiagnostics-show-option -Wno-long-long -pthread -fomit-frame-pointer -ffunction-sections -fdata-sections  -msse -msse2 -msse3 -fvisibility=hidden -fvisibility-inlines-hidden -Wno-unused-function -Wno-deprecated-declarations -Wno-overloaded-virtual  -O3 -DNDEBUG  -DNDEBUG    -Wl,--gc-sections -Wl,--as-needed  -rdynamic CMakeFiles/cmTC_432c4.dir/src.cxx.o  -o cmTC_432c4 
make[1]: 离开目录“/home/gglin-test/wifi_SLAM/src/exlib/opencv-3.4.16/build/CMakeFiles/CMakeTmp”

===== END =====

